以下の方針で、**案件独自の情報・顧客名・ファイル名・IPアドレス・具体的な識別子**をマスキングした形に整えました。  
技術要素は残しつつ、外部共有や社内横展開しやすいようにしています。

***

# マスキング後版

指定のSharePointフォルダー配下を検索したところ、関連ファイルは **\[件数]件** 見つかりました。  
主に **\[案件名]\_基本設計書.docx**、**\[案件名]\_FWパラメーターシート.xlsx**、**\[案件名]\_トラフィックフロー図.pptx**、**\[案件名]\_検証計画書.pptx**、**\[顧客名]向け設定資料.pptx**、**\[関連会議資料].pptx** を中心に確認しました。

なお、パラメータシート内には認証情報に該当し得る記載も見えたため、ここでは技術要素のみに絞って整理します。

***

## 1. 全体ネットワーク／回線系

* **局外拠点接続NW**  
  本プロジェクトで構築するネットワークとして定義されており、局外拠点から情報系システムへ接続するための基盤です。

* **共通NW**  
  情報系システムの基幹ネットワークとして定義されています。

* **統合NW**  
  統合システムが属するネットワークとして定義されています。

* **設備共用NW**  
  共用プラットフォーム上の業務サービス通信で利用するネットワークとして定義されています。

* **IP-VPN**  
  複数拠点がIP-VPNを介して局外拠点接続NWに接続する構成として記載されています。

* **専用線**  
  外部接続先の一部は専用線を介して局外拠点接続NWに接続する拠点として定義されています。

* **L2網／データセンタL2網**  
  構成遷移図や検査資料に、L2網、IP-VPN、データセンタL2網が登場します。

* **Internet／イントラ／統合WAN**  
  構成遷移図ではInternet、イントラ、統合WANが周辺接続要素として記載されています。

* **ONU**  
  IP-VPN接続ルータとONUの接続が設計上明記され、速度・Duplex固定条件も記載されています。

* **FDF**  
  建屋内の共用配線として、ラック室や棟を跨ぐ接続で使用すると定義されています。

***

## 2. 物理・インターフェース系

* **L3SW**  
  局外拠点接続用L3SW、システム接続L3SW、運用監視系L3SW、管理L3SWなどが構成要素として記載されています。

* **L2SW**  
  局外拠点接続用L2SW、外部接続L2SWなどが構成要素として記載されています。

* **ルータ**  
  IP-VPN接続ルータ、国内拠点接続ルータ、海外拠点接続ルータ、外部接続ルータなどが記載されています。

* **ファイアウォール／FortiGate**  
  局外拠点接続用FWとしてFortiGateが採用され、HA、VDOM、ポリシー制御などに利用されています。

* **Cisco Catalyst / ISR 系機器**  
  Catalystシリーズ、ISRシリーズなどが構成・検証資料に記載されています。

* **SFP / SFP+**  
  10G SFP+、1G SFP、検証用SFP、新規導入SFPが資料に登場します。

* **1000BASE-SX**  
  光ファイバー接続のインターフェース規格として記載されています。

* **1000BASE-T**  
  メタル接続のインターフェース規格として記載されています。

* **5G/2.5G/1G BASE-T**  
  FW側ポート仕様として記載されています。

* **RJ45**  
  1000BASE-Tのコネクタとして記載されています。

* **LCコネクタ**  
  1000BASE-SXのコネクタとして記載されています。

* **マルチモードOM3**  
  1000BASE-SXのケーブル種別として記載されています。

* **カテゴリ6ストレート**  
  1000BASE-Tのケーブル種別として記載されています。

* **光ファイバーケーブル**  
  機器からFDFへの接続、L3SW間、管理系L3SW間などで使用すると記載されています。

* **メタルケーブル／UTP**  
  機器間接続は原則メタルケーブルを使用し、検証資料にもUTPが記載されています。

* **Speed / Duplex**  
  原則auto/auto、一部ONU接続では固定設定と記載されています。

***

## 3. L2技術

* **VLAN**  
  拠点通信用、外部接続通信用、運用監視通信用などでVLAN IDが割り当てられています。  
  ※具体的なVLAN IDはマスキング対象です。

* **IEEE 802.1Q タグVLAN**  
  多くの機器間接続でタグVLANを使用し、Trunkポートに設定すると記載されています。

* **Accessポート**  
  ルータ～FW間、L3SW～システム接続L3SW間、L3SW～外部接続ルータ間、L3SW～外部接続L2SW間などでAccessポート利用が記載されています。

* **Trunkポート**  
  IEEE 802.1QタグVLANを使用する機器間接続でTrunkポートに設定すると記載されています。

* **VLANIF / SVI**  
  VRF所属インターフェースとしてVLANIFが記載され、ACLは論理インターフェース、つまりSVIにin方向で適用すると記載されています。

* **Flex Link＋**  
  L2SWと拠点接続ルータ間のループ構成制御に使用すると記載されています。

* **STP**  
  ループ構成はFlex Link＋で制御するため、STPは使用しない／無効と記載されています。

* **CDP**  
  全機器でCDPは無効と記載されています。

* **LLDP**  
  全機器でLLDPは無効と記載されています。

* **Link Aggregation / LAG**  
  L3SW間の渡りリンクで、L2リンク用とL3リンク用それぞれにLAGを使用すると記載されています。

* **LACP**  
  LAGではLACPを使用せず、モードはonとする設計です。

* **Stack**  
  複数台のL2SWをStack構成にすると記載されています。

* **Storm Control**  
  L2SWと各接続ルータとの接続ポートにストームコントロールを設定し、マルチキャスト通信とブロードキャスト通信に閾値を設けると記載されています。

* **ブロードキャスト／マルチキャスト制御**  
  Storm Controlの対象としてブロードキャスト通信とマルチキャスト通信が記載されています。

***

## 4. L3・ルーティング技術

* **IPv4アドレス設計**  
  複数のIPv4セグメントが、拠点通信、運用監視通信、外部接続通信などに割り当てられています。  
  ※具体的なIPアドレス・プレフィックスは **\[IPアドレス帯]** としてマスキング対象です。

* **サブネット設計**  
  /24、/30、/29、/28、/26などのセグメントが検証構成や関連資料に記載されています。  
  ※具体的なネットワークアドレスはマスキング対象です。

* **VRF**  
  拠点用、外部接続用、運用監視用など複数系統に通信を分離するため、L3SWでVRFを使用すると記載されています。

* **RD値**  
  VRFごとにRD値が設定されています。  
  ※具体的なRD値は **\[RD値]** としてマスキング対象です。

* **globalルーティングテーブル**  
  一部通信はglobalのルーティングテーブルを使用すると記載されています。

* **HSRP**  
  L3SWおよびIP-VPN接続ルータでHSRPを使用すると記載されています。

* **HSRP Version 2**  
  VLAN IDとHSRPグループ番号を一致させるため、HSRP Version 2を採用すると記載されています。

* **VIP**  
  HSRPのVIPをNTP参照先などに利用する構成が記載されています。  
  ※具体的なVIPはマスキング対象です。

* **Static Routing**  
  ルーティング機器は原則スタティックルーティングを使用すると記載されています。

* **デフォルトルート**  
  上位NW／共通NW設備へ向かう通信にはデフォルトルートを設定すると記載されています。

* **集約ルート**  
  各拠点の接続ルータから共通NW設備へ向かう通信に、集約ルートを設定すると記載されています。  
  ※具体的な集約アドレスは **\[集約ルート]** としてマスキング対象です。

* **BGP**  
  L3SWの渡りリンクでiBGPを使用し、IP-VPN接続ルータでは渡りリンクでiBGP、回線向けでeBGPを使用すると記載されています。

* **iBGP**  
  VRFごとに2台のL3SW間でiBGPネイバーを確立すると記載されています。

* **eBGP**  
  IP-VPN接続ルータの回線向けでeBGPを使用し、networkコマンドで経路広報すると記載されています。

* **AS番号**  
  BGP設定内容として自AS、対向ASが記載されています。  
  ※具体的なAS番号は **\[AS番号]** としてマスキング対象です。

* **経路再配信**  
  L3SWはスタティックルートをiBGPへ再配信すると記載されています。

* **Weight制御**  
  障害復旧時の切り戻り対策として、自生成ルートと再配信経路のWeight値を制御する設計が記載されています。

* **AD値調整**  
  一部機器では、iBGP経路を優先するためスタティックルートのAD値をiBGPより高く設定すると記載されています。

* **keepalive / hold timer**  
  iBGP、eBGPともにkeepalive/holdタイマーを設定すると記載されています。  
  ※具体的な値はマスキング対象にできます。

* **AS-path prepend**  
  検証構成図にAS-path prependの設定が記載されています。  
  ※具体的なprepend回数はマスキング対象です。

* **QoS**  
  IP-VPN接続ルータで既存踏襲のQoSを設定すると記載されています。

* **LLQ**  
  ICMPおよびBGPトラフィックに優先制御、LLQを適用し帯域を保証すると記載されています。  
  ※具体的な帯域値はマスキング対象にできます。

* **ICMP**  
  QoS対象、死活監視、ping試験で使用される技術として記載されています。

***

## 5. ファイアウォール／セキュリティ制御

* **FortiGate NAT/ルートモード**  
  局外拠点接続用FWでルーティングを行うため、NAT/ルートモードを選択すると記載されています。

* **NAT**  
  NAT方式、NATルーター、NATテーブル、変換前／変換後IPアドレスが記載されています。  
  ※具体的な変換前後IPアドレスは **\[変換前IP] / \[変換後IP]** としてマスキング対象です。

* **VDOM**  
  複数用途の通信を論理分割し、それぞれでポリシー制御するためVDOMを利用すると記載されています。

* **VDOM名**  
  取材拠点用、外部接続用、運用監視用などのVDOMが記載されています。  
  ※具体的なVDOM名は **\[VDOM名]** としてマスキング対象です。

* **VDOM Link**  
  拠点ルータ／接続ルータ監視のため、特定VDOM間にVDOM Linkを設定すると記載されています。

* **ファイアウォールゾーン**  
  拠点側、海外拠点側、外部接続側、内部側、管理側などのゾーンが記載されています。  
  ※具体的なゾーン名は **\[FWゾーン名]** としてマスキング対象です。

* **ファイアウォールポリシー**  
  VDOM間通信ではファイアウォールポリシーを定義し、明示的に許可された通信のみを通過させると記載されています。

* **パケットフィルタリング**  
  送信元／宛先IPアドレスおよびポート番号に基づくパケットフィルタリングを設定すると記載されています。

* **アドレスオブジェクト**  
  通信要件に基づき作成するオブジェクトとして記載されています。  
  ※具体的なオブジェクト名・IPアドレスはマスキング対象です。

* **サービスオブジェクト**  
  通信要件に基づき作成するオブジェクトとして記載されています。  
  ※具体的なサービス名が案件固有の場合はマスキング対象です。

* **アドレスグループ**  
  アドレスグループの追加・削除が記載されています。

* **サービスグループ**  
  サービスグループの追加が記載されています。

* **ACL**  
  FW以外のNW機器では、自衛用ACLなどの通信制御を実施し、SVIにin方向で適用すると記載されています。

* **送信元制限**  
  NW機器へのログインはACLにより送信元を制限し、管理系セグメントなどからのみ許可すると記載されています。  
  ※具体的な送信元セグメント名・IPアドレスはマスキング対象です。

* **IPS / IDS**  
  侵入防御として、パケット解析により攻撃を検知し、防御する機能と記載されています。

* **アンチウイルス**  
  ネットワーク通信やファイルをスキャンし、既知のウイルスやマルウェアの侵入を防ぐ機能として記載されています。

* **Flowベース検査**  
  アンチウイルス機能はFlowベースで動作させると記載されています。

* **Webフィルタ**  
  資料上は機能として登場しますが、対象FWでは二重管理を避けるため使用しないと記載されています。

* **シグネチャアップデート**  
  FWのシグネチャアップデートは管理系VDOMを送信元とし、プロキシ経由でインターネット通信して更新され、HAでスタンバイ機へ同期されると記載されています。

* **FortiGuard**  
  FortiGuardアップデートやFortiGuardフィルタリングサービスが記載されています。

* **検査対象プロトコル**  
  HTTP、FTP、IMAP、POP3、SMTP、NNTP、CIFSはFlowベース検査対象として記載され、MAPIとSSHはFlowベース検査対象外として記載されています。

***

## 6. 管理・監視・ログ系

* **Zabbix**  
  機器監視は共通NW上のZabbixを利用し、ZabbixからSNMPポーリングを行うと記載されています。

* **SNMP**  
  SNMP設計としてRead-only、SNMP v2c、Trap送付先が記載されています。  
  ※コミュニティ名、Trap送付先IPはマスキング対象です。

* **SNMP Trap**  
  Coldstart、Warmstart、IF LinkUp/LinkDown、Fan、Temperature、Supply、HSRP、BGP、Storm Control、Flex Link＋、Stack、HAなどのTrap対象が記載されています。

* **SNMP Polling**  
  ZabbixがCPU使用率、メモリ使用率、IF帯域使用率などを定期取得する設計が記載されています。  
  ※具体的な取得間隔は必要に応じてマスキング可能です。

* **ICMP Ping監視**  
  NW機器の死活監視はICMPで実施すると記載されています。  
  ※監視間隔やアラート条件は、運用設計情報として必要に応じてマスキング可能です。

* **Syslog**  
  FWを含む全ネットワーク機器がsyslogサーバへsyslogを送信し、UDPまたはTCP/514を使用すると記載されています。  
  ※syslogサーバのIPアドレスはマスキング対象です。

* **FWログ転送**  
  FWのセキュリティログ、トラフィックログをsyslogサーバへ転送すると記載されています。

* **NTP**  
  L3SWや各機器が冗長化されたNTP参照先を利用する構成として記載されています。  
  ※NTP参照先IPやVIPはマスキング対象です。

* **NetFlow**  
  L3SWでNetFlowを有効化し、フロー情報をコレクタへ提供すると記載されています。

* **NetFlow Collector**  
  NetFlowコレクタおよびUDPポートが記載されています。  
  ※コレクタIPアドレスはマスキング対象です。

* **NetFlow Key / Non-Keyフィールド**  
  input/output interface、IPv4 protocol、source/destination address、source/destination port、ToS、CTS tag、bytes、packets、timestamp、TCP flagsなどが記載されています。

* **IPFIX**  
  NDRの通信監視にIPFIX形式のフローデータを収集し、リアルタイム分析を行うと記載されています。

* **NDR**  
  Network Detection and Responseとして、ネットワーク上の通信を監視し、不審な通信や脅威をリアルタイム検知すると記載されています。

* **Cisco Secure Network Analytics**  
  NDRとしてCisco Secure Network Analyticsを整備する旨が記載されています。

* **FlowCollector / DataStore / Manager**  
  NDR構成要素としてFlowCollector、DataStore、Managerが記載されています。

* **ETA / Encrypted Traffic Analytics**  
  Cisco製対象スイッチではライセンスによりETAを行うことが可能と記載されています。

* **AVC**  
  Catalyst 9000シリーズのNetFlow、AVC、ETA設定に関する参照が記載されています。

* **運用監視系サービス**  
  iNOC、構成情報自動収集サービス、脆弱性情報自動収集サービスなどが記載されています。  
  ※サービス名が案件固有の場合は **\[運用監視サービス名]** としてマスキング対象です。

***

## 7. リモートアクセス／認証・運用アクセス系

* **SSH**  
  FWへのリモートログインはHTTPSまたはSSH、その他NW機器はSSHのみと記載されています。

* **HTTPS**  
  FWへのリモートログイン方式としてHTTPSが記載されています。

* **ローカル認証**  
  NW機器の認証方式としてローカル認証を採用すると記載されています。  
  ※ユーザー名・パスワード・権限情報はマスキング対象です。

* **RSA 2048bit**  
  SSH鍵の鍵長はRSA 2048bitと記載されています。

* **特権管理システム**  
  各機器へログインする場合は、特権管理システムを利用すると記載されています。  
  ※システム名、接続元セグメント、アカウント情報はマスキング対象です。

* **CyberArk / PIM**  
  特権管理システム利用申請資料では、RDP接続、SSH接続、Webアプリケーション接続、パスワード変更通信、Syslog転送などが記載されています。

* **RDP**  
  特権管理システム資料にRDP接続が記載されています。

* **PSMP**  
  SSH接続用PSMPが記載されています。

* **PSM**  
  RDP接続用PSMが記載されています。

* **Webアプリケーション接続用踏み台サーバ**  
  Webアプリケーション接続の踏み台サーバが記載されています。  
  ※踏み台サーバ名・IPアドレスはマスキング対象です。

* **プロキシサーバ**  
  インターネット通信、ライセンス認証、シグネチャアップデートはプロキシサーバ経由と記載されています。  
  ※プロキシサーバ名・IPアドレスはマスキング対象です。

* **TCP/8080**  
  プロキシサーバの待ち受けポートとしてTCP/8080が記載されています。  
  ※ポート番号自体は一般情報として残しても問題ない場合が多いですが、運用上秘匿したい場合は **\[Proxy待受ポート]** としてマスキング可能です。

***

## 8. アプリケーション／データ連携系

* **MQ**  
  MQサーバ、MQ記事配信サーバ、MQ記事受信サーバ、MQ接続、MQPUT、MQGETなどが記載されています。

* **NewsML**  
  外部データ受信関連資料およびMQ設定資料にNewsML受信アダプタ／NewsML受信システムが記載されています。

* **FTP**  
  外部データ連携でFTP送信が記載され、FWのアンチウイルス検査対象プロトコルにもFTPが記載されています。

* **HTTPS通信**  
  外部データ連携やFW運用でHTTPS通信が記載されています。

* **TCP**  
  MQチャネル属性で通信プロトコルとしてTCPが記載されています。

* **TCP/1414**  
  MQ受信側のポート番号として記載されています。  
  ※必要に応じて **\[MQ受信ポート]** としてマスキング可能です。

* **TCP/1415**  
  MQ送信側または外部側のポート番号として記載されています。  
  ※必要に応じて **\[MQ送信ポート]** としてマスキング可能です。

* **MQキューマネージャ**  
  キューマネージャー名が記載されています。  
  ※具体的な名称は **\[MQキューマネージャ名]** としてマスキング対象です。

* **MQキュー**  
  受信キュー、トランスミッションキュー、リモートキュー、Reply-toキューなどが記載されています。  
  ※具体的なキュー名はマスキング対象です。

* **MQチャネル**  
  送信用チャネル、送達確認用チャネル、RCVR、SDRなどが記載されています。  
  ※具体的なチャネル名はマスキング対象です。

* **COA / 到着確認**  
  送達確認キューおよびCOAが記載されています。

* **データ連携基盤**  
  外部データを共通NWに送付する経路として、データ連携基盤が記載されています。

* **外部データ受信ゲートウェイ／外部データ受信サーバ**  
  外部データ連携の構成要素として記載されています。  
  ※サーバ名・IPアドレスはマスキング対象です。

***

## 9. 試験・検証・障害切替系

* **ping**  
  工事手順書で連続ping、疎通確認に使用されています。

* **Traceroute**  
  工事手順書でping/Traceroute情報を参照すると記載されています。

* **exping**  
  pingツールとしてexpingを使用すると記載されています。

* **リンクダウン試験**  
  工事計画書・工事手順書にリンク障害／リンクダウン試験が記載されています。

* **電源断試験**  
  工事計画書に電源断試験が記載されています。

* **障害時トラフィックフロー**  
  トラフィックフロー図で正常時／障害時の通信経路が示されています。  
  ※具体的な経路、拠点名、機器名、IPアドレスはマスキング対象です。

* **show logging**  
  確認コマンドとして記載されています。

* **show interfaces status**  
  確認コマンドとして記載されています。

* **show interfaces count error**  
  確認コマンドとして記載されています。

* **ファイアウォールルールテスト**  
  設定されたFWルールが正しいことを確認する試験が記載されています。

* **アクセスリスト確認**  
  設定したアクセスリストが設計通りに動作していることを確認する試験が記載されています。

* **脆弱性診断**  
  ネットワーク機器の脆弱性診断を行い、既知の脆弱性や公開不要なサービス／プロセスがないことを確認する試験が記載されています。

***

## 10. 設計上「出てくるが、使用しない／無効」と明記されているもの

* **STP**  
  ループ構成をFlex Link＋で制御するため無効と記載されています。

* **CDP / LLDP**  
  全機器で無効と記載されています。

* **LACP**  
  LAGでは使用せず、LAGモードをonにすると記載されています。

* **Webフィルタ**  
  上位または別系統のFWで管理されるため、対象FWでは使用しないと記載されています。

* **DNS**  
  NW機器には設定しないと記載されています。

* **ループバックアドレス**  
  使用しないと記載されています。

***

# マスキング済み：主要技術一覧

以下は、案件名・顧客名・拠点名・IPアドレス・機器固有名・ファイル名を除外した技術名一覧です。

```text
局外拠点接続NW
共通NW
統合NW
設備共用NW
IP-VPN
専用線
L2網
データセンタL2網
Internet
イントラ
統合WAN
ONU
FDF
L2SW
L3SW
ルータ
FortiGate / FW
Cisco Catalyst
Cisco ISR
SFP / SFP+
1000BASE-SX
1000BASE-T
5G/2.5G/1G BASE-T
RJ45
LC
OM3
カテゴリ6
光ファイバー
メタルケーブル / UTP
Speed / Duplex
VLAN
IEEE 802.1Q
Trunk
Access
VLANIF / SVI
Flex Link＋
STP
CDP
LLDP
LAG
LACP
Stack
Storm Control
ブロードキャスト制御
マルチキャスト制御
IPv4
サブネット
VRF
RD
globalルーティングテーブル
HSRP
HSRP Version 2
VIP
Static Routing
Default Route
集約ルート
BGP
iBGP
eBGP
AS番号
経路再配信
Weight制御
AD値調整
keepalive / hold timer
AS-path prepend
QoS
LLQ
ICMP
NAT
NAT/ルートモード
VDOM
VDOM Link
Firewall Zone
Firewall Policy
Packet Filtering
Address Object
Service Object
Address Group
Service Group
ACL
送信元制限
IPS
IDS
Antivirus
Flow-based inspection
Web Filter
Signature Update
FortiGuard
HTTP
FTP
IMAP
POP3
SMTP
NNTP
CIFS
SSH
HTTPS
Local Authentication
RSA 2048bit
特権管理システム
CyberArk / PIM
RDP
PSM
PSMP
Proxy
TCP/8080
Zabbix
SNMP
SNMP Trap
SNMP Polling
ICMP Ping監視
Syslog
FWログ転送
NTP
NetFlow
NetFlow Collector
IPFIX
NDR
Cisco Secure Network Analytics
FlowCollector
DataStore
Manager
ETA
AVC
運用監視サービス
構成情報自動収集サービス
脆弱性情報自動収集サービス
MQ
NewsML
HTTPS通信
TCP
TCP/1414
TCP/1415
MQキューマネージャ
MQキュー
MQチャネル
COA
データ連携基盤
外部データ受信ゲートウェイ
外部データ受信サーバ
ping
Traceroute
exping
リンクダウン試験
電源断試験
show logging
show interfaces status
show interfaces count error
ファイアウォールルールテスト
アクセスリスト確認
脆弱性診断
```

***

# 今回マスキングした主な情報

| 種別      | 元の情報の例                  | マスキング後                     |
| ------- | ----------------------- | -------------------------- |
| 顧客名・団体名 | 特定顧客名、組織名               | `[顧客名]`                    |
| 案件名     | 特定プロジェクト名               | `[案件名]`                    |
| ファイル名   | 設計書・検証資料・設定資料名          | `[案件名]_基本設計書.docx` など      |
| IPアドレス  | `10.x.x.x/xx` 等         | `[IPアドレス帯]`                |
| 集約ルート   | `x.x.x.x/x`             | `[集約ルート]`                  |
| AS番号    | 具体的なBGP AS番号            | `[AS番号]`                   |
| RD値     | `xxxxx:xxx`             | `[RD値]`                    |
| VDOM名   | 案件固有VDOM名               | `[VDOM名]`                  |
| FWゾーン名  | 案件固有ゾーン名                | `[FWゾーン名]`                 |
| サーバ名    | 監視・Syslog・NTP・Proxy・MQ等 | `[サーバ名]`                   |
| MQ名     | キューマネージャ、キュー、チャネル名      | `[MQキューマネージャ名]`、`[MQキュー名]` |
| 認証情報    | ユーザー名、パスワード、コミュニティ名     | `[認証情報]`                   |
| 拠点名     | 国内外拠点名、外部接続先名           | `[拠点名]`、`[外部接続先]`          |

***

# 外部共有向けにさらに安全にする場合の置換ルール

より安全にするなら、以下のルールで統一するとよいです。

```text
顧客名・団体名 → [顧客名]
案件名 → [案件名]
拠点名 → [拠点A] / [拠点B]
機器名 → [L3SW01] / [FW01] / [Router01]
IPアドレス → [IPアドレス]
IPセグメント → [IPアドレス帯]
VLAN ID → [VLAN ID]
AS番号 → [AS番号]
RD値 → [RD値]
VRF名 → [VRF名]
VDOM名 → [VDOM名]
FWゾーン名 → [FWゾーン名]
アドレスオブジェクト名 → [Address Object]
サービスオブジェクト名 → [Service Object]
サーバ名 → [サーバ名]
MQキュー名 → [MQキュー名]
MQチャネル名 → [MQチャネル名]
アカウント名 → [アカウント名]
パスワード・秘密鍵・SNMPコミュニティ → [認証情報]
SharePoint URL → [SharePointリンク]
```

***

必要なら次に、この内容をそのまま **「技術名／用途／使われている箇所／マスキング要否」** のExcel貼り付け用表に整形できます。
