以下、**案件独自の情報・顧客名・拠点名・DC名・資料名・日付・個別ネットワーク名・IPアドレス相当になり得る情報**をマスキングした形に整えました。  
技術名・一般的な製品名・サービス名は、技術整理として有用なため原則残しています。

***

# NW関連資料 横断整理

## 技術・サービス・方式・運用要素一覧

※機密情報マスキング版

参照できた **NW関連フォルダ内の関連資料**を横断して、ネットワーク技術・サービス・方式・運用要素として使われているものを、重複を統合してリストアップしました。

※以下の情報は意図的に除外またはマスキングしています。

* 個別IPアドレス
* ホスト名
* 装置名・管理名
* 顧客名・案件名
* 拠点名・DC名
* 電話番号
* 認証情報
* 資料ファイル名
* 作業日・資料作成日
* 個別のネットワーク名称
* 個社固有の構成名

***

## 1. 回線・WAN・閉域網・クラウド接続系

| 技術・サービス                     | 使われ方／文脈                                             |
| --------------------------- | --------------------------------------------------- |
| Arcstar IP-VPN              | 本支店網、店舗網、DC網、ポイント系ネットワーク、取引会社向け閉域網など、複数の閉域WANとして登場。 |
| UNO-L3 / UNO L3             | 簡易支店、開発網、保守運用網、クラウド接続網などで利用。                        |
| UNO-T                       | DC側のクラウド網接続、新設回線、監視NW、クラウド接続の終端要素として登場。             |
| FIC / Flexible InterConnect | AWS、Azure、OCIなどのクラウド接続、アライアンス企業向けNW接続、クラウド網接続で利用。   |
| FIC Port                    | FIC接続におけるポート要素として登場。                                |
| FIC L2                      | クラウド接続やアライアンス接続におけるL2接続要素として記載。                     |
| クラウド接UNO                    | AWS/Azureなどのクラウド接続経路として登場。                          |
| インターネット / ISP               | インターネット接続、ISP、外接FW、プロキシ、Zscaler/FRA/ZPA関連で登場。       |
| フレッツ / フレッツ光ネクスト            | 拠点回線、インターネット接続、IP-VPN系接続のアクセス回線として登場。               |
| ベストエフォートアクセス                | UNO-L3などのアクセス方式として登場。                               |
| IP-VPN網                     | 拠点、DC、店舗、本支店などを接続する閉域網として利用。                        |
| キャリア閉域網                     | 特定キャリア網、移転、マイグレーション、WANルータ接続の文脈で登場。                 |
| INS網 / INS回線                | 既存回線、レガシー回線、回線残置検討、WANルータ接続の文脈で登場。                  |
| NTTPC SIV                   | 店舗ネットワーク側の接続要素として登場。                                |
| DC間DR接続                     | 複数DC間のDR接続として記載。                                    |
| クラウド網                       | AWS、Azure、OCI、FIC、UNO-L3、DC接続、DR観点で登場。              |
| AWS / Azure / OCI           | クラウド接続先、DR切替先、FIC接続先として登場。                          |
| vnet / vcn                  | クラウド側ネットワーク単位として登場。                                 |
| 専用線                         | 拠点間、DC間、クラウド接続などの専用接続として記載。                         |
| VPNサービス                     | DC構成内のVPN接続要素として登場。                                 |
| GVPN                        | 監視NWなどの接続要素として登場。                                   |

***

## 2. L2/L3・ルーティング・セグメント設計系

| 技術・方式                    | 使われ方／文脈                                                 |
| ------------------------ | ------------------------------------------------------- |
| VLAN                     | DNS切替、クラウド網接続、拠点NW、基盤更改、FWインターフェース、L2/L3SW設定で多数登場。      |
| VLAN-ID                  | 他社設備や既存設備にNWを重畳する際の開示・設計情報として登場。                        |
| VRF                      | DC接続、クラウド接続、拠点NW構成、ルーティング分離で登場。                         |
| L2スイッチ / L2SW            | 拠点NW、DC構成、マネジメントSW、IDS集約SWなどで利用。                        |
| L3スイッチ / L3SW            | DC、拠点、クラウド網接続、FW/ルータ間接続で利用。                             |
| ルーティング                   | Static route、BGP、ルーティング追加・削除、next hop変更、WAN/LAN経路変更で登場。 |
| スタティックルート / static route | シングル構成拠点、DCルーティング、クラウド網接続、WANルータ設定で利用。                  |
| BGP                      | 冗長拠点、クラウド接続ルータ、FIC接続、経路広報、BGPピア設定、状態確認で登場。              |
| BGP広報                    | DC側NWや特定宛先をBGPで広報する文脈で登場。                               |
| OSPF                     | L3SW選定理由やルーティングプロトコル対応として登場。                            |
| HSRP                     | LAN側冗長、検証環境、DC接続構成で登場。                                  |
| Stack構成                  | Catalyst系スイッチ更改、DC構成、クラウド網接続で登場。                        |
| Trunk / Accessポート        | VLAN収容、AccessからTrunkへの変更、クラウド網接続で登場。                    |
| LAG / Port-channel       | 基盤更改やスイッチ間接続の冗長・帯域確保として登場。                              |
| GW移行                     | マネジメント用セグメントのゲートウェイ移行として登場。                             |
| G-ARP                    | VLANインターフェース有効化後の通信切替・ARP更新用途として登場。                     |
| ロンゲストマッチ                 | 特定サーバ向けルーティングの考え方として登場。                                 |
| Prefix / プレフィクス          | ルーティング設定表や経路設定で登場。                                      |
| Next Hop                 | スタティックルート、基盤設計、経路変更で登場。                                 |
| Connectedネットワーク          | 直接接続NWとしてルーティング不要となるケースの説明で登場。                          |
| NWセグメント / セグメントアサイン      | サーバ、DB、NW管理、監視NWなどのセグメント設計で利用。                          |

***

## 3. Firewall・NAT・アクセス制御系

| 技術・方式                       | 使われ方／文脈                                            |
| --------------------------- | -------------------------------------------------- |
| Firewall / FW               | 業務系FW、バックコアFW、外接FW、WAN FW、ルータ兼Firewallなど多数登場。      |
| ASA / ASA-OS                | NAT設定、ASAコマンド、外接FW更改、Cisco ASAライセンス関連で登場。          |
| Fortigate                   | SSL-VPN装置、ルータ兼Firewall、プロキシ、外接FW移行先として登場。          |
| FPR2120 / Firepower         | ASA系ライセンス、Smart Licensing、Call-home、CSSM同期として登場。   |
| FWポリシー                      | クラウド網接続、DNS切替、監視NW、外接FW、ACL/通信制御で利用。               |
| プロキシポリシー                    | SSL-VPN、外接FW、Smart Licensing同期用通信制御で登場。            |
| NAT                         | DNS切替、監視NW、リリース作業、ルータ更改、外接FW、ZPA構成などで登場。           |
| Destination NAT / DstIP NAT | 既存宛先を新しい宛先へ変換する要件として登場。                            |
| Static NAT                  | IOS-XE系ルータのNAT動作や検証資料で登場。                          |
| NAT GateKeeper              | ISR系ルータ／IOS-XEにおけるNAT動作差異の要因として登場。                 |
| NATテーブル / xlate             | NAT変換数確認の観点で登場。                                    |
| コネクション数確認                   | FW負荷確認や通信状態確認として登場。                                |
| no-proxy-arp                | NATルールのオプションとして登場。                                 |
| route-lookup                | NAT処理時にルーティングテーブル参照を優先する説明で登場。                     |
| ACL / Access-list           | 拠点間制御、Wi-Fiルータ、緊急作業、ACL試験、FWルールで登場。                |
| Permit / Denyルール            | HTTP/HTTPS/FTP/RDP/ICMPなどの許可・拒否制御として登場。            |
| DMZ                         | DC構成におけるDMZセグメント、DMZ L3/LBとして登場。                   |
| GREトンネル                     | 外接FW更改時のトンネル、Source IP維持、Static route、VLAN利用検討で登場。 |
| Proxy / 明示プロキシ              | ランサムウェア対策、オンライン認証基盤、外接FW、ライセンス同期で登場。               |
| IWSS                        | Proxy、DNS、NTPなどと並ぶDC内サービス要素として登場。                  |

***

## 4. リモートアクセス・ゼロトラスト・セキュリティ系

| 技術・サービス                       | 使われ方／文脈                                 |
| ----------------------------- | --------------------------------------- |
| SSL-VPN                       | 保守運用網、オンプレVPN廃止検討、ライセンス同期、基盤接続で登場。      |
| VPN通信                         | 在宅・リモートPC、拠点、従来型境界防御構成として登場。            |
| GlobalProtect                 | モバイル／リモート接続方式として登場。                     |
| Zscaler                       | ZPA/ZIA、拠点NW、ランサムウェア対策、リモートアクセス比較で登場。   |
| ZPA                           | リモート保守環境見直し、ゼロトラスト移行、横移動リスク低減で登場。       |
| ZIA                           | クラウドプロキシ機能として登場。                        |
| FRA / Flexible Remote Access  | リモート保守環境、FRA＋UNO、FIC連携、リモートアクセス基盤として登場。 |
| FSG / Flexible Secure Gateway | FRAと併せたセキュリティ基盤として登場。                   |
| ゼロトラスト                        | ランサムウェア対策やリモートアクセス見直しの方向性として登場。         |
| マイクロセグメンテーション                 | 拠点内影響範囲の極小化、NW分離、ZPA導入後構成として登場。         |
| Connector                     | ZPA導入後のアウトバウンド接続要素として登場。                |
| WAF＋CDN                       | クラウド／インターネット公開系の周辺要素として登場。              |
| IDS                           | DC構成、IDS接続、SOC監視、IDS装置更新で登場。            |
| IPS                           | セキュリティ機能比較や装置更新で登場。                     |
| SOC                           | 監視NW、IDSアラート対応、セキュリティ監視で登場。             |
| Antivirus                     | セキュリティ機能比較で登場。                          |
| Sandbox                       | セキュリティ機能比較で登場。                          |
| URL Filtering                 | セキュリティ機能比較で登場。                          |
| DNS Security                  | セキュリティ機能比較で登場。                          |
| SSL/TLS                       | セキュリティ機能比較で登場。                          |
| DLP                           | セキュリティ機能比較で登場。                          |
| CASB                          | セキュリティ機能比較で登場。                          |
| ZTNA                          | ゼロトラスト型リモートアクセス機能として登場。                 |
| RBI                           | セキュリティ機能比較で登場。                          |
| SD-WAN                        | セキュリティ／WAN機能比較で登場。                      |
| DEM                           | デジタル体験監視系の機能として登場。                      |
| UEBA                          | ユーザー行動分析系の機能として登場。                      |
| 送信元G-IP固定                     | クラウド型セキュリティ基盤の機能比較で登場。                  |

***

## 5. DNS・認証・ID連携系

| 技術・方式                 | 使われ方／文脈                                     |
| --------------------- | ------------------------------------------- |
| DNS                   | 内部DNS切替、社内用／社外用DNS、DNS Security、DNS宛NATで登場。 |
| DNS over UDP/TCP 53   | DNS通信向けNATルール、通信許可制御として登場。                  |
| NTP                   | DC内共通サービスとして登場。                             |
| RADIUS                | 無線APや有線・無線接続認証で登場。                          |
| Entra ID認証            | ネットワーク接続時の認証要素として登場。                        |
| MACアドレス認証             | 無線／有線LAN接続制御として登場。                          |
| SAML認証                | Entra IDやIDaaSとの認証連携として登場。                  |
| LDAP認証                | オンプレミスADとの認証連携として登場。                        |
| Basic認証 / 多要素認証       | ID/PW認証、多要素認証として登場。                         |
| IDaaS                 | 外部認証基盤および認証連携先として登場。                        |
| AD / Active Directory | 認証基盤、LDAP連携先、侵入リスクの対象として登場。                 |

***

## 6. 監視・管理・運用系

| 技術・方式                             | 使われ方／文脈                                        |
| --------------------------------- | ---------------------------------------------- |
| 監視NW                              | DC内NW機器監視、監視用回線、監視サービス向けNATで登場。                |
| NW機器マネジメント                        | 管理VLAN、マネジメントセグメント、監視NW、オンライン認証基盤で登場。          |
| SNMP                              | SNMP Access、Community、Trap Serverとして登場。        |
| SNMP Trap                         | Trap Server、trap-source、障害通知で登場。               |
| Syslog                            | Syslog Serverへのログ転送として登場。                      |
| CLI / GUI管理                       | NW機器の管理方式として登場。                                |
| SSH                               | 作業端末や踏み台経由の接続方式として登場。                          |
| Telnet                            | ルータ経由の接続手順として登場。                               |
| TeraTerm                          | マクロによる試験、ログ収集、作業手順で利用。                         |
| TTLマクロ                            | 疎通確認、traceroute、ログ収集の自動化で利用。                   |
| ExPing                            | 冗長試験、疎通試験で利用。                                  |
| ping                              | 通信試験、疎通確認、ACL試験で利用。                            |
| traceroute / trace                | 経路確認、疎通確認で利用。                                  |
| Packet Tracer / ASA packet-tracer | ASA上での疑似通信確認として登場。                             |
| show系確認コマンド                       | BGP状態、経路、NAT、コネクション、policy-mapなどの確認で利用。        |
| Smart Licensing                   | NW機器やFirewall機器のオンライン認証・ライセンス管理として登場。          |
| CSSM                              | Cisco Smart Software Managerとして、同期、トークン、認証で登場。 |
| Call-home                         | Cisco機器のライセンス同期方式として登場。                        |
| CA証明書更新                           | ライセンス同期やCiscoサーバ証明書更新対応として登場。                  |

***

## 7. 無線・拠点LAN・オフィスNW系

| 技術・方式            | 使われ方／文脈                            |
| ---------------- | ---------------------------------- |
| 無線AP             | 拠点NW、オフィスNW、ランサムウェア対策構成で登場。        |
| Wi-Fi / ゲストWi-Fi | 従業員用無線、ゲストWi-Fi有無の検討で登場。           |
| 有線LAN            | フロア配線、MAC認証、拠点NW構成で登場。             |
| LANケーブル / LAN配線  | ラック内配線、基盤更改、拠点配線作業で登場。             |
| インターネットブレイクアウト   | 特定通信を直接インターネットへ出す構成として登場。          |
| セグメント分離          | ランサムウェア対策、NW重畳利用、マイクロセグメンテーションで登場。 |
| 物理設備へのNW重畳       | 他社設備や既存設備上に別NWを重畳する構成として登場。        |

***

## 8. QoS・帯域制御・性能系

| 技術・方式                       | 使われ方／文脈                                |
| --------------------------- | -------------------------------------- |
| シェーピング / Shaping            | WAN→LAN通信の帯域制御、service-policy設定・削除で登場。 |
| policy-map / service-policy | QoS、帯域制御、シェーピング設定で登場。                  |
| 帯域設定                        | 回線帯域、クラウド接続帯域、柔軟な帯域設定として登場。            |
| 高可用性                        | リモートアクセス基盤や接続サービスの特性として登場。             |
| CPU/メモリ負荷確認                 | NAT設定後やFW設定変更後の負荷確認として登場。              |

***

## 9. ロードバランサ・サーバ接続・アドレス設計系

| 技術・方式          | 使われ方／文脈                 |
| -------------- | ----------------------- |
| BIG-IP         | ロードバランサ、L3機能利用機器として登場。  |
| LB / LB VIP    | サーバ宛通信、DNS切替、NAT検証で登場。  |
| サーバマネジメントセグメント | サーバ管理用セグメントとして登場。       |
| DBマネジメントセグメント  | DB管理用セグメントとして登場。        |
| NWマネジメントセグメント  | NW機器管理、監視NWで利用。         |
| IPアドレスアサイン     | VLAN、NWアドレス、セグメント設計で登場。 |
| /32広報          | 特定ホスト単位のBGP広報として登場。     |

***

## 10. 機器・OS・プラットフォーム名として出てくるもの

| 機器・製品                      | 使われ方／文脈                                   |
| -------------------------- | ----------------------------------------- |
| Cisco C891FJ / Cisco 891FJ | 既存ルータ、アライアンス系ルータ、クラウド接続ルータ、更改対象として登場。     |
| Cisco C921J-4PJS / C921J   | ルータ更改後の新設機器として登場。                         |
| Cisco C8200L-1N-4T         | クラウド接続ルータ更改先として登場。                        |
| ISR4321 / ISR4k            | NAT動作差異やルータ更改後の検証で登場。                     |
| IOS-XE                     | ISR系ルータのOS、NAT動作差異の文脈で登場。                 |
| Catalyst 3750G/E           | EoL機器、更改対象として登場。                          |
| Catalyst 9200 / C9200      | サービススイッチ更改、L3機器として登場。                     |
| Catalyst 9300 / C9300      | BGP利用機器、DC接続機器、統合ルータ的な用途で登場。              |
| Cisco 2901 / 2911          | 既存ラック構成内のルータ機器として登場。                      |
| Cisco ASA / ASA5500        | ASA-OS、外接FW、FWポリシー、ライセンス同期、構成図上のFWとして登場。  |
| Fortigate                  | SSL-VPN装置、ルータ兼Firewall、プロキシ、外接FW移行先として登場。 |
| BIG-IP                     | ロードバランサとして登場。                             |
| ONU                        | 回線終端装置として登場。                              |
| ルータ / WANルータ               | 閉域網、クラウド接続、外部企業接続、アライアンス網で多数登場。           |
| FW / Firewall機器            | 業務系FW、外接FW、WAN FW、Fortigate/ASAとして多数登場。   |
| IDS装置                      | IDS接続、SOC監視、装置更新として登場。                    |
| 無線AP                       | 拠点NW、オフィスNWで登場。                           |

***

# 抜け漏れ防止用：技術キーワード一覧

## マスキング版・コピー用

```text
Arcstar IP-VPN
UNO-L3 / UNO L3
UNO-T
FIC / Flexible InterConnect
FIC Port
FIC L2
クラウド接UNO
IP-VPN網
キャリア閉域網
INS網
NTTPC SIV
フレッツ
フレッツ光ネクスト
ベストエフォートアクセス
インターネット
ISP
DC間DR接続
クラウド網
AWS
Azure
OCI
vnet / vcn
専用線
VPNサービス
GVPN
VLAN
VLAN-ID
VRF
L2スイッチ
L3スイッチ
ルーティング
スタティックルート
BGP
BGP広報
OSPF
HSRP
Stack
Trunk
Accessポート
LAG / Port-channel
GW移行
G-ARP
ロンゲストマッチ
Prefix
Next Hop
Connectedネットワーク
NWセグメント
Firewall / FW
ASA / ASA-OS
Fortigate
FPR2120 / Firepower
FWポリシー
プロキシポリシー
NAT
Destination NAT / DstIP NAT
Static NAT
NAT GateKeeper
NATテーブル / xlate
コネクション数確認
no-proxy-arp
route-lookup
ACL / Access-list
Permit / Deny
DMZ
GREトンネル
Proxy
IWSS
SSL-VPN
VPN通信
GlobalProtect
Zscaler
ZPA
ZIA
FRA / Flexible Remote Access
FSG / Flexible Secure Gateway
ゼロトラスト
マイクロセグメンテーション
Connector
WAF＋CDN
IDS
IPS
SOC
Antivirus
Sandbox
URL Filtering
DNS Security
SSL/TLS
DLP
CASB
ZTNA
RBI
SD-WAN
DEM
UEBA
送信元G-IP固定
DNS
DNS over UDP/53
DNS over TCP/53
NTP
RADIUS
Entra ID認証
MACアドレス認証
SAML認証
LDAP認証
Basic認証
多要素認証
IDaaS
AD / Active Directory
監視NW
NW機器マネジメント
SNMP
SNMP Trap
Syslog
CLI / GUI管理
SSH
Telnet
TeraTerm
TTLマクロ
ExPing
ping
traceroute
ASA packet-tracer
Smart Licensing
CSSM
Call-home
CA証明書更新
無線AP
Wi-Fi
有線LAN
LANケーブル / LAN配線
インターネットブレイクアウト
セグメント分離
物理設備へのNW重畳
シェーピング / Shaping
policy-map
service-policy
帯域設定
高可用性
CPU/メモリ負荷確認
BIG-IP
LB / LB VIP
サーバマネジメントセグメント
DBマネジメントセグメント
NWマネジメントセグメント
IPアドレスアサイン
/32広報
Cisco C891FJ / Cisco 891FJ
Cisco C921J-4PJS / C921J
Cisco C8200L-1N-4T
ISR4321 / ISR4k
IOS-XE
Catalyst 3750G/E
Catalyst 9200 / C9200
Catalyst 9300 / C9300
Cisco 2901 / 2911
Cisco ASA / ASA5500
ONU
WANルータ
IDS装置
```

***

# ざっくり分類

このNW関連フォルダは、単なる構成図置き場というより、以下の技術領域が混在しています。

## 1. 閉域WAN・クラウド接続

IP-VPN、UNO-L3、FIC、AWS/Azure/OCI、DC間DR、クラウド網接続など。

## 2. データセンターNW設計

VLAN、VRF、L2/L3SW、FW、BGP、Static route、HSRP、Stack、LAG、マネジメントNWなど。

## 3. セキュリティ・リモートアクセス

FW、ACL、NAT、SSL-VPN、Zscaler/ZPA/ZIA、FRA、ゼロトラスト、マイクロセグメンテーション、IDS/IPS/SOCなど。

## 4. 運用・監視・作業手順

SNMP、Syslog、SSH/Telnet、TeraTerm、packet-tracer、showコマンド、Smart Licensing、CSSMなど。

## 5. 拠点LAN・無線

フレッツ、IP-VPN、無線AP、RADIUS、Entra ID認証、MAC認証、インターネットブレイクアウトなど。

***

# マスキング方針

今回の表示では、以下のように置き換えています。

| 元の種類      | マスキング方針                 |
| --------- | ----------------------- |
| 顧客名・案件名   | 削除または「顧客」「案件」に一般化       |
| DC名・拠点名   | 「DC」「拠点」「オフィス」に一般化      |
| 個別ネットワーク名 | 「クラウド網」「閉域網」「監視NW」など一般化 |
| 資料名       | 削除                      |
| 日付        | 削除                      |
| 個別IPアドレス  | 削除                      |
| ホスト名      | 削除                      |
| 電話番号      | 削除                      |
| 認証情報      | 削除                      |
| 装置固有名     | 一般名称または製品型番のみ残す         |
| 技術名・製品名   | 原則残す                    |

***

必要であれば次に、この内容をそのまま貼れるように **Excel用のTSV形式「カテゴリ／技術名／説明／機密度メモ」** に変換できます。
